[2021-11-13 14:16:21.799] [exthost] [info] Extension host with pid 2990 started
[2021-11-13 14:16:21.799] [exthost] [info] Skipping acquiring lock for /root/Jupyter/WSL/WSL_GNOME/.vscode/User/workspaceStorage/e8be605cef0220f4091e65898f871c8e.
[2021-11-13 14:16:21.836] [exthost] [info] ExtensionService#_doActivateExtension vscode.microsoft-authentication, startup: false, activationEvent: 'onAuthenticationRequest:microsoft'
[2021-11-13 14:16:21.844] [exthost] [info] ExtensionService#_doActivateExtension vscode.debug-auto-launch, startup: true, activationEvent: '*'
[2021-11-13 14:16:21.846] [exthost] [info] ExtensionService#_doActivateExtension vscode.git, startup: true, activationEvent: '*', root cause: vscode.github
[2021-11-13 14:16:21.924] [exthost] [info] ExtensionService#_doActivateExtension vscode.github, startup: true, activationEvent: '*'
[2021-11-13 14:16:21.948] [exthost] [info] Eager extensions activated
[2021-11-13 14:16:21.987] [exthost] [warning] [Decorations] CAPPING events from decorations provider vscode.git 342
[2021-11-13 14:16:22.015] [exthost] [info] ExtensionService#_doActivateExtension vscode.github-authentication, startup: false, activationEvent: 'onAuthenticationRequest:github'
[2021-11-13 14:16:22.039] [exthost] [info] ExtensionService#_doActivateExtension vscode.merge-conflict, startup: false, activationEvent: 'onStartupFinished'
[2021-11-13 14:16:26.581] [exthost] [warning] [Decorations] CAPPING events from decorations provider vscode.git 346
[2021-11-13 14:16:31.650] [exthost] [warning] [Decorations] CAPPING events from decorations provider vscode.git 346
[2021-11-13 14:16:36.693] [exthost] [warning] [Decorations] CAPPING events from decorations provider vscode.git 346
[2021-11-13 14:16:41.756] [exthost] [warning] [Decorations] CAPPING events from decorations provider vscode.git 346
[2021-11-13 14:16:46.817] [exthost] [warning] [Decorations] CAPPING events from decorations provider vscode.git 346
[2021-11-13 14:16:51.918] [exthost] [warning] [Decorations] CAPPING events from decorations provider vscode.git 346
[2021-11-13 14:16:56.988] [exthost] [warning] [Decorations] CAPPING events from decorations provider vscode.git 346
[2021-11-13 14:17:02.056] [exthost] [warning] [Decorations] CAPPING events from decorations provider vscode.git 346
[2021-11-13 14:17:07.106] [exthost] [warning] [Decorations] CAPPING events from decorations provider vscode.git 346
[2021-11-13 14:17:12.155] [exthost] [warning] [Decorations] CAPPING events from decorations provider vscode.git 346
[2021-11-13 14:17:17.255] [exthost] [warning] [Decorations] CAPPING events from decorations provider vscode.git 346
[2021-11-13 14:17:22.317] [exthost] [warning] [Decorations] CAPPING events from decorations provider vscode.git 346
[2021-11-13 14:17:27.383] [exthost] [warning] [Decorations] CAPPING events from decorations provider vscode.git 346
[2021-11-13 14:17:32.452] [exthost] [warning] [Decorations] CAPPING events from decorations provider vscode.git 346
[2021-11-13 14:17:37.523] [exthost] [warning] [Decorations] CAPPING events from decorations provider vscode.git 346
[2021-11-13 14:17:42.599] [exthost] [warning] [Decorations] CAPPING events from decorations provider vscode.git 346
[2021-11-13 14:17:47.654] [exthost] [warning] [Decorations] CAPPING events from decorations provider vscode.git 346
[2021-11-13 14:17:52.693] [exthost] [warning] [Decorations] CAPPING events from decorations provider vscode.git 346
[2021-11-13 14:17:57.739] [exthost] [warning] [Decorations] CAPPING events from decorations provider vscode.git 346
[2021-11-13 14:17:59.582] [exthost] [info] ExtensionService#_doActivateExtension vscode.extension-editing, startup: false, activationEvent: 'onLanguage:markdown'
[2021-11-13 14:17:59.619] [exthost] [info] ExtensionService#_doActivateExtension vscode.markdown-language-features, startup: false, activationEvent: 'onLanguage:markdown'
[2021-11-13 14:17:59.863] [exthost] [info] ExtensionService#_doActivateExtension vscode.markdown-math, startup: false, activationEvent: 'api', root cause: vscode.markdown-language-features
[2021-11-13 14:18:02.826] [exthost] [warning] [Decorations] CAPPING events from decorations provider vscode.git 348
[2021-11-13 14:18:07.872] [exthost] [warning] [Decorations] CAPPING events from decorations provider vscode.git 348
[2021-11-13 14:18:12.952] [exthost] [warning] [Decorations] CAPPING events from decorations provider vscode.git 352
[2021-11-13 14:18:18.004] [exthost] [warning] [Decorations] CAPPING events from decorations provider vscode.git 352
[2021-11-13 14:18:23.044] [exthost] [warning] [Decorations] CAPPING events from decorations provider vscode.git 352
[2021-11-13 14:18:28.092] [exthost] [warning] [Decorations] CAPPING events from decorations provider vscode.git 352
[2021-11-13 14:18:33.145] [exthost] [warning] [Decorations] CAPPING events from decorations provider vscode.git 351
[2021-11-13 14:18:38.211] [exthost] [warning] [Decorations] CAPPING events from decorations provider vscode.git 351
[2021-11-13 14:18:43.288] [exthost] [warning] [Decorations] CAPPING events from decorations provider vscode.git 351
[2021-11-13 14:18:48.361] [exthost] [warning] [Decorations] CAPPING events from decorations provider vscode.git 351
[2021-11-13 14:18:53.413] [exthost] [warning] [Decorations] CAPPING events from decorations provider vscode.git 351
[2021-11-13 14:18:58.466] [exthost] [warning] [Decorations] CAPPING events from decorations provider vscode.git 352
[2021-11-13 14:19:03.504] [exthost] [warning] [Decorations] CAPPING events from decorations provider vscode.git 352
[2021-11-13 14:19:08.543] [exthost] [warning] [Decorations] CAPPING events from decorations provider vscode.git 352
[2021-11-13 14:19:13.611] [exthost] [warning] [Decorations] CAPPING events from decorations provider vscode.git 352
[2021-11-13 14:19:18.714] [exthost] [warning] [Decorations] CAPPING events from decorations provider vscode.git 352
[2021-11-13 14:19:23.784] [exthost] [warning] [Decorations] CAPPING events from decorations provider vscode.git 351
[2021-11-13 14:19:28.830] [exthost] [warning] [Decorations] CAPPING events from decorations provider vscode.git 351
[2021-11-13 14:19:33.893] [exthost] [warning] [Decorations] CAPPING events from decorations provider vscode.git 352
[2021-11-13 14:19:38.969] [exthost] [warning] [Decorations] CAPPING events from decorations provider vscode.git 353
[2021-11-13 14:19:44.046] [exthost] [warning] [Decorations] CAPPING events from decorations provider vscode.git 353
[2021-11-13 14:19:49.114] [exthost] [warning] [Decorations] CAPPING events from decorations provider vscode.git 353
[2021-11-13 14:19:54.170] [exthost] [warning] [Decorations] CAPPING events from decorations provider vscode.git 353
[2021-11-13 14:19:59.226] [exthost] [warning] [Decorations] CAPPING events from decorations provider vscode.git 353
[2021-11-13 14:20:04.263] [exthost] [warning] [Decorations] CAPPING events from decorations provider vscode.git 353
[2021-11-13 14:20:09.306] [exthost] [warning] [Decorations] CAPPING events from decorations provider vscode.git 353
[2021-11-13 14:20:14.355] [exthost] [warning] [Decorations] CAPPING events from decorations provider vscode.git 353
[2021-11-13 14:20:19.432] [exthost] [warning] [Decorations] CAPPING events from decorations provider vscode.git 353
[2021-11-13 14:20:24.523] [exthost] [warning] [Decorations] CAPPING events from decorations provider vscode.git 353
[2021-11-13 14:20:29.577] [exthost] [warning] [Decorations] CAPPING events from decorations provider vscode.git 353
[2021-11-13 14:20:34.630] [exthost] [warning] [Decorations] CAPPING events from decorations provider vscode.git 353
[2021-11-13 14:20:39.719] [exthost] [warning] [Decorations] CAPPING events from decorations provider vscode.git 353
[2021-11-13 14:20:44.762] [exthost] [warning] [Decorations] CAPPING events from decorations provider vscode.git 352
[2021-11-13 14:20:49.805] [exthost] [warning] [Decorations] CAPPING events from decorations provider vscode.git 352
[2021-11-13 14:20:54.870] [exthost] [warning] [Decorations] CAPPING events from decorations provider vscode.git 352
[2021-11-13 14:20:59.939] [exthost] [warning] [Decorations] CAPPING events from decorations provider vscode.git 352
[2021-11-13 14:21:05.021] [exthost] [warning] [Decorations] CAPPING events from decorations provider vscode.git 352
[2021-11-13 14:21:10.116] [exthost] [warning] [Decorations] CAPPING events from decorations provider vscode.git 352
[2021-11-13 14:21:15.159] [exthost] [warning] [Decorations] CAPPING events from decorations provider vscode.git 352
[2021-11-13 14:21:20.208] [exthost] [warning] [Decorations] CAPPING events from decorations provider vscode.git 352
[2021-11-13 14:21:25.278] [exthost] [warning] [Decorations] CAPPING events from decorations provider vscode.git 352
[2021-11-13 14:21:30.336] [exthost] [warning] [Decorations] CAPPING events from decorations provider vscode.git 352
[2021-11-13 14:21:35.391] [exthost] [warning] [Decorations] CAPPING events from decorations provider vscode.git 352
[2021-11-13 14:21:40.437] [exthost] [warning] [Decorations] CAPPING events from decorations provider vscode.git 352
[2021-11-13 14:21:45.491] [exthost] [warning] [Decorations] CAPPING events from decorations provider vscode.git 352
[2021-11-13 14:21:50.540] [exthost] [warning] [Decorations] CAPPING events from decorations provider vscode.git 352
[2021-11-13 14:21:55.615] [exthost] [warning] [Decorations] CAPPING events from decorations provider vscode.git 353
[2021-11-13 14:22:00.668] [exthost] [warning] [Decorations] CAPPING events from decorations provider vscode.git 353
[2021-11-13 14:22:05.709] [exthost] [warning] [Decorations] CAPPING events from decorations provider vscode.git 353
[2021-11-13 14:22:10.788] [exthost] [warning] [Decorations] CAPPING events from decorations provider vscode.git 353
[2021-11-13 14:22:15.851] [exthost] [warning] [Decorations] CAPPING events from decorations provider vscode.git 353
[2021-11-13 14:22:20.932] [exthost] [warning] [Decorations] CAPPING events from decorations provider vscode.git 353
[2021-11-13 14:22:26.030] [exthost] [warning] [Decorations] CAPPING events from decorations provider vscode.git 353
[2021-11-13 14:22:31.083] [exthost] [warning] [Decorations] CAPPING events from decorations provider vscode.git 352
[2021-11-13 14:22:36.129] [exthost] [warning] [Decorations] CAPPING events from decorations provider vscode.git 352
[2021-11-13 14:22:41.195] [exthost] [warning] [Decorations] CAPPING events from decorations provider vscode.git 352
[2021-11-13 14:22:46.248] [exthost] [warning] [Decorations] CAPPING events from decorations provider vscode.git 353
[2021-11-13 14:22:51.293] [exthost] [warning] [Decorations] CAPPING events from decorations provider vscode.git 353
[2021-11-13 14:22:56.377] [exthost] [warning] [Decorations] CAPPING events from decorations provider vscode.git 353
[2021-11-13 14:23:01.473] [exthost] [warning] [Decorations] CAPPING events from decorations provider vscode.git 353
[2021-11-13 14:23:06.533] [exthost] [warning] [Decorations] CAPPING events from decorations provider vscode.git 353
[2021-11-13 14:23:11.589] [exthost] [warning] [Decorations] CAPPING events from decorations provider vscode.git 353
[2021-11-13 14:23:16.680] [exthost] [warning] [Decorations] CAPPING events from decorations provider vscode.git 353
[2021-11-13 14:23:21.764] [exthost] [warning] [Decorations] CAPPING events from decorations provider vscode.git 353
[2021-11-13 14:23:26.802] [exthost] [warning] [Decorations] CAPPING events from decorations provider vscode.git 353
[2021-11-13 14:23:31.847] [exthost] [warning] [Decorations] CAPPING events from decorations provider vscode.git 353
[2021-11-13 14:23:36.905] [exthost] [warning] [Decorations] CAPPING events from decorations provider vscode.git 352
[2021-11-13 14:23:41.950] [exthost] [warning] [Decorations] CAPPING events from decorations provider vscode.git 352
[2021-11-13 14:23:47.008] [exthost] [warning] [Decorations] CAPPING events from decorations provider vscode.git 352
[2021-11-13 14:23:52.091] [exthost] [warning] [Decorations] CAPPING events from decorations provider vscode.git 352
[2021-11-13 14:23:57.151] [exthost] [warning] [Decorations] CAPPING events from decorations provider vscode.git 352
[2021-11-13 14:24:02.243] [exthost] [warning] [Decorations] CAPPING events from decorations provider vscode.git 353
[2021-11-13 14:24:07.288] [exthost] [warning] [Decorations] CAPPING events from decorations provider vscode.git 353
[2021-11-13 14:24:12.380] [exthost] [warning] [Decorations] CAPPING events from decorations provider vscode.git 353
[2021-11-13 14:24:17.456] [exthost] [warning] [Decorations] CAPPING events from decorations provider vscode.git 353
[2021-11-13 14:24:22.496] [exthost] [warning] [Decorations] CAPPING events from decorations provider vscode.git 353
[2021-11-13 14:24:27.534] [exthost] [warning] [Decorations] CAPPING events from decorations provider vscode.git 353
[2021-11-13 14:24:32.576] [exthost] [warning] [Decorations] CAPPING events from decorations provider vscode.git 353
[2021-11-13 14:24:37.639] [exthost] [warning] [Decorations] CAPPING events from decorations provider vscode.git 353
[2021-11-13 14:24:42.689] [exthost] [warning] [Decorations] CAPPING events from decorations provider vscode.git 353
[2021-11-13 14:24:47.726] [exthost] [warning] [Decorations] CAPPING events from decorations provider vscode.git 353
[2021-11-13 14:24:52.774] [exthost] [warning] [Decorations] CAPPING events from decorations provider vscode.git 353
[2021-11-13 14:24:57.858] [exthost] [warning] [Decorations] CAPPING events from decorations provider vscode.git 352
[2021-11-13 14:25:02.912] [exthost] [warning] [Decorations] CAPPING events from decorations provider vscode.git 352
[2021-11-13 14:25:07.361] [exthost] [warning] [Decorations] CAPPING events from decorations provider vscode.git 352
[2021-11-13 14:25:07.992] [exthost] [warning] [Decorations] CAPPING events from decorations provider vscode.git 352
[2021-11-13 14:25:11.649] [exthost] [warning] [Decorations] CAPPING events from decorations provider vscode.git 352
[2021-11-13 14:25:13.056] [exthost] [warning] [Decorations] CAPPING events from decorations provider vscode.git 352
[2021-11-13 14:25:14.591] [exthost] [warning] [Decorations] CAPPING events from decorations provider vscode.git 352
[2021-11-13 14:25:16.455] [exthost] [warning] [Decorations] CAPPING events from decorations provider vscode.git 352
[2021-11-13 14:25:18.102] [exthost] [warning] [Decorations] CAPPING events from decorations provider vscode.git 352
[2021-11-13 14:25:18.162] [exthost] [warning] [Decorations] CAPPING events from decorations provider vscode.git 352
[2021-11-13 14:25:19.708] [exthost] [warning] [Decorations] CAPPING events from decorations provider vscode.git 352
[2021-11-13 14:25:21.120] [exthost] [warning] [Decorations] CAPPING events from decorations provider vscode.git 352
[2021-11-13 14:25:22.712] [exthost] [warning] [Decorations] CAPPING events from decorations provider vscode.git 352
[2021-11-13 14:25:23.229] [exthost] [warning] [Decorations] CAPPING events from decorations provider vscode.git 352
[2021-11-13 14:25:24.909] [exthost] [warning] [Decorations] CAPPING events from decorations provider vscode.git 352
[2021-11-13 14:25:25.775] [exthost] [warning] [Decorations] CAPPING events from decorations provider vscode.git 352
[2021-11-13 14:25:27.280] [exthost] [warning] [Decorations] CAPPING events from decorations provider vscode.git 352
[2021-11-13 14:25:28.292] [exthost] [warning] [Decorations] CAPPING events from decorations provider vscode.git 352
[2021-11-13 14:25:31.557] [exthost] [warning] [Decorations] CAPPING events from decorations provider vscode.git 352
[2021-11-13 14:25:33.344] [exthost] [warning] [Decorations] CAPPING events from decorations provider vscode.git 352
[2021-11-13 14:25:38.433] [exthost] [warning] [Decorations] CAPPING events from decorations provider vscode.git 352
[2021-11-13 14:25:43.509] [exthost] [warning] [Decorations] CAPPING events from decorations provider vscode.git 352
[2021-11-13 14:25:48.597] [exthost] [warning] [Decorations] CAPPING events from decorations provider vscode.git 352
[2021-11-13 14:25:53.704] [exthost] [warning] [Decorations] CAPPING events from decorations provider vscode.git 352
[2021-11-13 14:25:58.790] [exthost] [warning] [Decorations] CAPPING events from decorations provider vscode.git 352
[2021-11-13 14:26:03.869] [exthost] [warning] [Decorations] CAPPING events from decorations provider vscode.git 352
[2021-11-13 14:26:08.930] [exthost] [warning] [Decorations] CAPPING events from decorations provider vscode.git 352
[2021-11-13 14:26:10.643] [exthost] [warning] [Decorations] CAPPING events from decorations provider vscode.git 352
[2021-11-13 14:26:14.013] [exthost] [warning] [Decorations] CAPPING events from decorations provider vscode.git 352
[2021-11-13 14:26:19.095] [exthost] [warning] [Decorations] CAPPING events from decorations provider vscode.git 352
[2021-11-13 14:26:24.153] [exthost] [warning] [Decorations] CAPPING events from decorations provider vscode.git 352
[2021-11-13 14:26:29.195] [exthost] [warning] [Decorations] CAPPING events from decorations provider vscode.git 352
[2021-11-13 14:26:34.276] [exthost] [warning] [Decorations] CAPPING events from decorations provider vscode.git 352
[2021-11-13 14:26:39.357] [exthost] [warning] [Decorations] CAPPING events from decorations provider vscode.git 352
[2021-11-13 14:26:44.429] [exthost] [warning] [Decorations] CAPPING events from decorations provider vscode.git 352
[2021-11-13 14:26:49.502] [exthost] [warning] [Decorations] CAPPING events from decorations provider vscode.git 352
[2021-11-13 14:26:52.756] [exthost] [warning] [Decorations] CAPPING events from decorations provider vscode.git 352
[2021-11-13 14:26:54.583] [exthost] [warning] [Decorations] CAPPING events from decorations provider vscode.git 352
[2021-11-13 14:26:59.669] [exthost] [warning] [Decorations] CAPPING events from decorations provider vscode.git 352
[2021-11-13 14:27:03.562] [exthost] [warning] [Decorations] CAPPING events from decorations provider vscode.git 352
[2021-11-13 14:27:04.710] [exthost] [warning] [Decorations] CAPPING events from decorations provider vscode.git 352
[2021-11-13 14:27:09.758] [exthost] [warning] [Decorations] CAPPING events from decorations provider vscode.git 352
[2021-11-13 14:27:13.122] [exthost] [warning] [Decorations] CAPPING events from decorations provider vscode.git 352
[2021-11-13 14:27:14.832] [exthost] [warning] [Decorations] CAPPING events from decorations provider vscode.git 324
[2021-11-13 14:27:19.894] [exthost] [warning] [Decorations] CAPPING events from decorations provider vscode.git 324
[2021-11-13 14:27:34.462] [exthost] [warning] [Decorations] CAPPING events from decorations provider vscode.git 324
[2021-11-13 14:27:39.549] [exthost] [warning] [Decorations] CAPPING events from decorations provider vscode.git 324
[2021-11-13 14:27:44.646] [exthost] [warning] [Decorations] CAPPING events from decorations provider vscode.git 324
[2021-11-13 14:27:49.712] [exthost] [warning] [Decorations] CAPPING events from decorations provider vscode.git 324
[2021-11-13 14:27:54.799] [exthost] [warning] [Decorations] CAPPING events from decorations provider vscode.git 324
[2021-11-13 14:28:25.023] [exthost] [warning] [Decorations] CAPPING events from decorations provider vscode.git 324
[2021-11-13 14:28:30.119] [exthost] [warning] [Decorations] CAPPING events from decorations provider vscode.git 324
[2021-11-13 14:28:35.206] [exthost] [warning] [Decorations] CAPPING events from decorations provider vscode.git 324
[2021-11-13 14:28:40.302] [exthost] [warning] [Decorations] CAPPING events from decorations provider vscode.git 324
[2021-11-13 14:28:45.386] [exthost] [warning] [Decorations] CAPPING events from decorations provider vscode.git 324
[2021-11-13 14:28:50.455] [exthost] [warning] [Decorations] CAPPING events from decorations provider vscode.git 324
[2021-11-13 14:28:55.502] [exthost] [warning] [Decorations] CAPPING events from decorations provider vscode.git 324
[2021-11-13 14:29:00.584] [exthost] [warning] [Decorations] CAPPING events from decorations provider vscode.git 324
[2021-11-13 14:29:05.655] [exthost] [warning] [Decorations] CAPPING events from decorations provider vscode.git 324
[2021-11-13 14:29:10.726] [exthost] [warning] [Decorations] CAPPING events from decorations provider vscode.git 324
[2021-11-13 14:29:15.792] [exthost] [warning] [Decorations] CAPPING events from decorations provider vscode.git 324
[2021-11-13 14:29:20.846] [exthost] [warning] [Decorations] CAPPING events from decorations provider vscode.git 324
[2021-11-13 14:29:25.932] [exthost] [warning] [Decorations] CAPPING events from decorations provider vscode.git 324
[2021-11-13 14:29:30.983] [exthost] [warning] [Decorations] CAPPING events from decorations provider vscode.git 324
[2021-11-13 14:29:36.026] [exthost] [warning] [Decorations] CAPPING events from decorations provider vscode.git 325
[2021-11-13 14:29:41.097] [exthost] [warning] [Decorations] CAPPING events from decorations provider vscode.git 325
[2021-11-13 14:29:46.142] [exthost] [warning] [Decorations] CAPPING events from decorations provider vscode.git 325
[2021-11-13 14:29:51.238] [exthost] [warning] [Decorations] CAPPING events from decorations provider vscode.git 324
[2021-11-13 14:29:56.297] [exthost] [warning] [Decorations] CAPPING events from decorations provider vscode.git 325
[2021-11-13 14:30:01.389] [exthost] [warning] [Decorations] CAPPING events from decorations provider vscode.git 325
[2021-11-13 14:30:06.443] [exthost] [warning] [Decorations] CAPPING events from decorations provider vscode.git 325
[2021-11-13 14:30:11.533] [exthost] [warning] [Decorations] CAPPING events from decorations provider vscode.git 325
[2021-11-13 14:30:16.584] [exthost] [warning] [Decorations] CAPPING events from decorations provider vscode.git 326
[2021-11-13 14:30:21.673] [exthost] [warning] [Decorations] CAPPING events from decorations provider vscode.git 325
[2021-11-13 14:30:27.044] [exthost] [warning] [Decorations] CAPPING events from decorations provider vscode.git 325
